0 646
0 842
0 1039
1 1108
2 744
2 848
3 734
3 974
4 635
4 871
4 901
4 1044
5 622
5 729
5 1046
6 663
6 731
6 889
6 899
6 1045
7 744
7 792
7 1012
7 1029
8 640
8 845
9 870
9 1063
10 643
10 753
10 787
10 856
10 1030
10 1102
11 977
11 1027
11 1092
12 743
12 992
12 1008
12 1091
13 703
13 911
14 621
14 866
14 1022
14 1065
15 1069
16 719
16 797
16 1010
16 1075
17 699
17 1017
17 1079
18 688
18 736
18 766
19 650
19 789
19 947
19 1077
20 596
20 624
20 807
20 909
20 917
20 1099
21 739
21 780
21 803
21 864
21 1021
21 1041
22 601
22 723
22 791
22 894
22 900
22 1052
23 649
23 1025
24 826
24 1015
25 1042
25 1053
25 1061
25 1100
26 629
26 819
26 849
27 888
27 907
27 1032
27 1038
27 1054
28 631
28 895
28 947
29 838
29 877
29 972
30 599
30 790
30 1027
31 916
31 1014
31 1028
31 1096
32 639
32 649
32 664
32 865
32 1010
32 1099
33 698
33 713
33 732
33 785
33 948
34 724
34 914
34 1057
35 912
35 971
35 1078
36 832
36 866
37 674
37 804
37 1006
37 1007
38 659
38 682
38 780
38 928
39 648
39 683
39 779
39 801
39 871
40 647
40 759
40 824
40 831
40 960
40 1086
41 675
41 730
41 767
41 930
42 842
42 903
42 973
42 1031
43 660
43 664
43 776
43 815
43 929
44 946
44 1002
44 1035
44 1070
45 819
45 919
45 949
45 1039
45 1088
46 846
46 920
46 928
47 769
47 817
47 859
47 1001
48 751
49 610
49 1116
50 784
50 886
50 913
50 980
50 1068
51 648
52 627
52 829
52 943
52 1049
53 712
53 741
53 768
53 869
53 936
53 1041
54 608
54 771
54 853
54 1062
55 668
55 765
55 885
56 638
56 965
56 997
56 1076
57 784
57 805
57 813
57 1115
58 700
59 624
59 762
59 871
59 984
60 750
60 983
60 1044
60 1049
61 847
61 856
61 864
61 1055
62 692
62 807
62 991
63 704
63 966
63 1037
63 1082
64 651
64 793
64 859
65 623
65 676
65 689
65 735
66 692
66 725
66 874
66 885
66 1017
66 1103
67 670
67 834
67 1034
67 1094
68 609
68 931
69 687
69 709
69 757
69 855
69 1104
70 709
70 815
70 1024
71 641
71 998
72 644
72 883
72 954
73 599
73 945
73 1023
73 1087
74 722
74 747
74 770
74 1007
74 1047
75 843
75 976
75 996
76 650
76 700
76 772
76 885
76 954
76 1067
77 671
77 715
77 943
77 1000
78 612
78 932
78 1073
79 600
79 752
79 816
79 917
79 1033
79 1093
80 926
80 944
80 993
81 714
81 940
82 615
82 636
82 711
82 1011
82 1120
83 974
83 1120
84 597
84 925
85 626
85 830
85 835
85 1097
86 632
86 727
86 852
86 1006
86 1019
86 1109
87 613
87 654
87 920
87 951
88 620
88 796
88 891
89 645
89 750
89 971
90 630
90 646
90 788
90 982
90 1081
91 799
91 933
91 1060
92 697
93 850
94 612
94 677
94 810
94 1064
95 652
95 718
95 783
95 896
95 972
96 606
96 927
96 995
96 1099
96 1104
96 1116
97 831
97 876
98 662
98 836
98 905
98 1049
99 654
99 983
100 650
100 800
100 839
100 887
100 930
101 770
101 798
101 819
101 1105
102 756
102 911
102 1100
102 1101
103 895
103 931
103 971
103 1054
103 1115
104 696
104 722
104 929
104 1089
105 638
105 672
105 849
105 1075
105 1102
106 630
106 673
106 825
107 724
107 814
107 1038
108 633
108 775
108 985
108 1079
108 1110
108 1112
109 613
109 634
109 658
109 684
109 948
109 953
110 835
110 957
111 671
111 717
111 1086
112 622
112 851
112 951
112 960
112 1038
112 1112
113 666
113 739
113 814
113 1043
113 1090
114 603
114 862
115 606
115 773
115 829
115 854
115 921
115 1110
116 607
116 706
116 732
116 741
116 801
116 1120
117 687
117 760
117 888
117 937
118 715
118 852
118 989
119 665
119 727
119 867
119 1121
120 680
120 749
120 1017
121 678
121 935
121 949
122 669
122 791
122 828
122 841
122 1080
123 657
123 746
123 912
123 1029
123 1033
124 830
125 675
125 735
125 929
126 664
126 818
126 835
127 873
127 1016
128 681
128 880
128 996
129 723
129 810
129 857
129 901
129 1065
130 801
130 809
130 845
130 986
131 836
131 908
131 950
132 719
132 881
132 948
132 956
132 1048
133 797
133 848
133 850
133 1004
133 1051
134 683
134 928
134 957
135 618
135 705
135 775
135 939
135 942
137 598
137 714
137 826
137 1087
138 717
138 1060
139 755
139 790
139 808
139 927
140 645
140 732
140 1005
140 1013
141 726
141 734
141 813
141 866
142 817
142 927
143 602
143 846
143 854
143 972
143 1081
143 1082
144 789
144 911
145 605
145 1030
146 690
146 762
146 1045
147 604
147 761
147 860
147 892
147 1092
148 868
148 884
148 915
149 812
149 970
149 1062
150 778
150 848
151 598
151 737
152 662
152 732
152 893
152 946
152 1020
152 1032
153 669
153 881
154 728
154 909
154 978
154 1002
154 1018
154 1083
155 623
155 651
155 805
155 1074
156 679
156 692
156 1063
157 826
157 872
158 614
158 635
158 1116
159 726
159 742
159 746
159 865
160 758
160 828
160 872
160 1063
160 1106
161 667
161 740
162 629
162 678
162 768
163 760
163 807
163 966
163 1028
164 649
164 814
165 657
165 709
165 905
165 984
165 1021
165 1067
166 606
166 683
166 706
166 893
166 990
167 619
167 793
167 989
167 996
167 1059
168 774
168 795
168 862
168 882
169 707
169 962
170 689
170 1011
170 1093
171 738
171 897
171 957
172 621
173 749
173 794
173 823
173 1004
174 655
174 688
174 1019
174 1028
174 1065
175 644
175 1050
176 659
176 914
176 937
176 1030
177 628
177 878
177 1042
178 771
178 973
178 1043
179 755
179 1022
180 829
180 889
180 923
180 941
181 672
181 880
181 1045
182 926
183 751
183 988
183 1064
184 726
184 794
185 615
185 709
185 809
185 921
186 879
186 921
186 933
186 938
186 1056
187 752
187 1117
188 729
188 733
188 840
188 932
189 609
189 774
189 1059
189 1074
190 751
191 690
191 1020
192 717
192 810
192 926
193 704
193 851
193 1009
193 1069
193 1082
194 684
194 852
195 906
195 1061
195 1078
195 1107
196 667
196 697
196 961
197 633
197 860
197 864
197 1106
197 1109
198 641
198 891
198 915
198 1111
199 605
199 666
199 691
199 974
200 645
200 846
200 987
201 651
201 1084
202 653
202 718
202 870
202 1054
202 1115
203 607
203 733
203 750
203 1064
204 610
205 786
205 896
205 985
206 756
206 908
206 1114
207 713
208 694
208 820
209 616
209 623
209 671
209 733
209 1119
210 832
210 896
210 1102
211 698
211 912
211 1003
212 619
212 822
212 874
212 935
212 959
212 969
213 638
213 787
213 999
214 716
214 813
214 1045
215 745
215 940
215 1077
215 1088
216 630
216 644
216 799
217 608
217 697
217 777
217 931
217 1042
218 773
218 905
219 753
219 766
219 775
219 901
219 913
219 1041
220 693
220 934
220 1043
221 676
221 752
221 858
221 910
221 991
221 1080
222 670
222 684
222 858
222 963
222 1118
223 782
223 786
223 1091
224 677
224 696
224 774
224 975
224 987
225 596
225 695
225 995
226 708
226 763
226 781
226 852
226 1066
226 1090
227 705
227 1015
228 608
228 669
228 838
229 643
229 735
229 749
229 847
229 913
229 926
230 633
230 720
230 924
231 823
231 851
231 933
232 616
232 721
232 833
232 874
232 962
232 1006
233 641
233 866
233 953
234 811
234 1114
235 850
235 859
235 875
235 962
235 998
236 1001
237 758
237 998
238 770
238 882
238 1093
239 789
240 780
240 978
240 1006
241 736
241 752
241 754
241 788
241 904
242 633
242 705
242 744
242 863
242 1054
243 714
243 813
243 867
244 1060
244 1108
245 745
246 696
247 683
247 925
247 955
247 1118
248 719
248 763
248 1028
248 1058
248 1109
249 738
249 761
249 777
249 977
249 996
250 1037
250 1075
250 1121
251 616
251 706
251 757
251 803
251 1092
251 1107
252 698
252 870
252 909
252 1092
253 620
253 685
253 857
254 596
254 717
254 820
255 656
255 759
255 781
255 908
255 988
256 622
256 674
256 1036
256 1070
257 632
257 656
258 781
258 811
258 834
259 1035
259 1080
260 751
260 918
260 1078
260 1111
261 661
261 680
262 802
262 982
262 1048
262 1116
263 723
263 984
263 1117
264 642
264 1013
264 1021
264 1035
264 1103
264 1121
265 961
265 1004
266 605
266 844
266 960
266 1004
267 824
267 1053
268 887
268 1117
269 610
269 697
269 943
269 979
270 685
270 743
270 1023
270 1077
271 625
272 880
272 886
272 939
272 1041
273 635
273 788
273 1025
274 712
274 740
274 761
275 657
275 983
276 605
276 660
276 704
276 766
276 985
277 636
277 710
277 745
277 756
277 771
278 682
278 688
278 778
278 809
278 967
279 865
279 986
279 1005
279 1058
279 1067
280 735
280 1099
281 739
281 1083
282 635
282 1014
283 615
283 682
283 821
283 882
283 976
283 1022
284 771
284 788
285 611
285 658
285 703
285 831
285 842
285 1087
286 1071
287 871
287 1026
287 1044
288 700
288 870
288 959
289 672
289 745
289 1016
290 631
290 923
290 994
290 1003
290 1050
290 1112
291 920
291 947
291 1068
292 601
292 1072
292 1095
293 612
293 802
293 879
293 965
294 654
294 661
294 666
294 812
294 1050
295 637
295 658
295 725
295 886
295 1114
296 726
296 808
296 910
296 1020
296 1076
297 741
297 837
297 950
298 777
298 832
298 1085
298 1094
299 600
299 747
299 1053
300 639
300 825
300 1098
301 882
301 895
301 1047
301 1085
302 818
302 872
302 990
303 797
303 823
303 941
303 956
304 625
304 737
304 958
304 1057
304 1085
305 1073
305 1083
306 648
306 693
306 711
306 801
306 938
306 1039
307 719
307 724
307 748
307 853
307 858
308 614
308 748
308 797
309 699
309 703
309 1026
310 614
310 617
310 640
310 856
310 1009
311 861
311 998
312 713
312 1100
313 944
313 951
314 642
314 812
314 822
314 916
314 958
314 1082
315 617
315 623
315 844
315 1057
316 748
316 782
316 1113
317 707
317 1068
317 1070
318 617
318 637
318 682
318 922
318 975
318 976
319 602
319 716
320 639
320 1091
321 677
321 740
321 943
321 1107
322 934
322 955
322 990
323 597
323 804
324 602
324 742
324 840
324 973
324 1023
325 647
325 865
325 1066
326 808
326 835
326 883
326 992
326 1034
326 1061
327 898
328 624
328 725
328 869
328 1014
328 1072
329 863
329 900
330 632
330 753
330 818
330 847
330 898
330 978
331 1024
332 695
332 922
332 1113
333 699
333 966
333 979
334 654
334 886
334 938
335 814
335 1040
335 1067
336 657
337 662
337 1076
338 690
338 784
338 912
338 1027
338 1097
339 618
339 634
339 952
339 995
339 1102
340 710
340 862
340 887
340 897
340 977
340 1119
341 690
342 710
342 730
342 861
342 1005
342 1009
343 742
343 816
344 604
344 655
344 873
345 707
345 792
345 840
345 847
346 759
346 892
346 923
346 1096
347 653
347 757
347 964
347 1101
348 802
348 1058
348 1078
349 1011
349 1093
350 878
350 893
350 919
351 762
351 841
351 1040
351 1055
351 1101
352 701
352 798
352 909
352 914
352 992
352 1113
353 630
353 816
353 861
354 601
354 783
354 932
355 701
355 728
355 876
355 924
355 965
356 625
356 839
356 855
357 626
357 843
357 954
357 1080
358 619
359 727
359 773
359 793
359 868
359 1079
360 734
360 779
360 828
360 1051
361 677
361 698
361 761
361 1074
361 1087
362 627
362 731
363 889
363 979
363 1003
363 1040
364 603
364 627
364 876
364 952
364 970
365 612
365 674
365 701
365 890
365 892
365 1097
366 675
366 873
366 1036
367 678
367 832
367 975
367 1073
368 628
368 796
368 839
368 906
369 628
369 800
369 803
369 822
369 958
369 1029
370 712
370 728
370 997
370 1084
371 693
371 956
372 696
372 883
372 905
372 910
373 604
373 674
373 898
373 1084
374 611
374 902
374 988
375 603
375 753
375 764
375 907
375 1033
375 1034
376 596
376 620
376 904
376 1059
377 806
377 993
378 784
378 860
378 917
378 1037
379 727
379 757
379 985
379 993
380 652
380 663
380 802
380 945
380 1050
381 629
381 669
382 656
382 715
382 821
382 979
382 1059
383 716
383 948
384 740
384 993
384 1009
385 685
385 787
385 887
386 792
386 1025
386 1115
387 656
387 1057
388 738
388 924
389 906
389 987
389 1081
390 818
390 845
390 974
390 1069
391 634
391 819
391 953
392 660
392 711
392 812
392 842
393 946
393 971
393 990
393 1106
394 942
394 1001
394 1108
395 695
395 981
395 991
396 609
396 831
396 890
397 655
397 787
397 964
398 754
398 907
398 918
398 1027
399 621
399 791
399 933
399 994
400 681
400 956
401 645
401 805
401 934
401 942
401 1010
402 785
402 869
402 983
403 687
403 846
403 1018
404 833
404 1097
405 648
405 1081
406 736
406 877
406 1019
407 1104
408 602
408 794
408 900
408 937
408 944
408 1064
409 746
409 939
410 730
410 927
410 936
410 1035
411 686
411 783
411 935
412 769
412 823
412 877
412 904
412 941
412 949
413 724
413 980
413 1088
414 673
414 691
414 822
414 833
414 967
414 991
415 768
415 959
416 621
416 667
416 770
416 854
416 867
416 1091
417 903
418 723
418 815
419 722
419 1071
420 652
420 714
420 1089
421 708
421 766
421 890
421 1038
422 769
422 1013
422 1025
422 1104
423 680
423 737
423 994
423 1047
424 667
424 786
424 796
425 767
425 821
425 844
425 928
425 940
426 833
426 941
426 1016
426 1053
426 1089
427 625
427 659
427 772
427 838
427 853
428 685
429 923
429 1017
429 1073
430 720
430 776
431 880
432 607
432 639
432 758
433 611
433 1033
434 793
434 857
434 988
434 1029
435 767
435 845
435 918
435 1052
436 778
436 1068
436 1095
437 731
437 758
437 864
437 1022
438 750
438 875
438 883
438 925
438 1000
439 686
439 915
439 1056
440 619
440 1052
441 736
441 872
441 900
441 969
441 1110
442 644
442 715
442 756
443 691
443 764
443 1032
443 1040
444 598
444 929
445 687
445 725
445 849
445 899
445 968
446 603
446 606
446 776
446 827
447 782
447 968
447 1016
447 1024
448 661
448 951
449 786
449 810
449 903
450 613
450 1076
451 779
451 804
451 806
451 1113
452 647
452 798
452 964
452 1083
453 686
453 893
453 1012
453 1090
454 673
454 768
455 775
455 795
455 800
455 855
455 916
455 1031
456 655
456 1055
457 729
457 897
457 1018
457 1071
458 686
458 722
458 811
458 830
458 891
458 899
460 1088
460 1119
461 680
461 733
461 774
461 885
461 898
461 902
462 892
462 981
464 637
464 765
464 884
464 922
464 936
464 953
465 663
466 721
466 862
466 902
466 955
467 764
467 944
467 1008
467 1015
468 837
468 1077
469 628
469 844
469 858
469 889
469 899
469 1058
470 622
470 642
470 737
470 970
470 1098
470 1105
471 945
472 741
472 807
472 817
472 973
472 1018
473 702
473 854
473 1056
473 1062
474 894
474 918
475 598
475 705
475 799
475 967
475 975
475 999
476 653
476 791
476 825
476 861
476 1013
476 1042
477 695
477 702
477 743
477 792
477 806
477 1069
478 721
478 746
478 999
479 601
479 919
479 961
480 632
480 962
481 906
481 968
481 981
482 829
482 837
482 1107
483 840
483 937
483 1002
484 609
484 661
485 652
485 776
486 615
486 738
486 748
486 972
487 665
487 803
487 848
487 868
487 969
488 673
488 706
488 747
488 820
488 1047
488 1075
489 637
489 824
489 891
489 1007
490 614
490 679
490 712
490 963
491 857
491 964
491 989
492 641
492 734
492 789
492 1060
492 1095
493 694
493 920
493 1014
494 760
494 827
494 836
494 934
494 952
495 853
495 1024
496 1037
497 702
497 763
497 1100
498 636
498 691
499 767
499 867
499 936
500 720
500 728
500 824
500 907
500 1090
501 744
501 875
501 888
501 1002
502 730
502 804
502 890
502 1114
503 772
503 873
503 911
503 968
503 1118
504 617
504 664
504 760
504 1032
505 627
505 663
505 843
505 869
505 1019
505 1111
506 720
506 952
507 660
507 783
507 1065
508 675
508 875
508 877
508 1105
509 646
509 668
509 700
509 954
509 980
509 1015
510 631
510 859
511 599
511 795
511 863
511 917
512 721
512 849
512 876
512 980
512 1001
513 634
513 1023
513 1046
513 1066
514 863
514 989
514 1020
514 1119
515 716
515 1008
515 1089
516 702
516 795
516 805
516 879
516 903
516 1071
517 676
517 901
517 981
517 1118
518 681
518 881
518 916
518 961
518 1012
518 1055
519 811
519 982
519 1043
520 607
520 711
520 743
521 754
521 780
521 959
522 1062
523 843
523 1026
524 676
524 773
525 613
525 1085
526 620
526 878
526 879
526 963
526 1046
527 976
527 1061
527 1086
527 1096
528 665
528 703
528 718
528 747
528 922
529 610
529 611
529 820
530 599
530 666
530 817
531 772
531 904
531 1031
532 718
532 826
532 834
532 1110
532 1111
533 640
533 713
534 939
534 963
534 984
535 597
535 779
535 1010
535 1095
536 600
536 860
537 618
537 694
537 699
537 966
538 749
539 647
539 755
539 930
539 1007
540 808
540 930
540 1072
540 1112
541 624
541 765
541 1048
542 838
542 896
542 1012
542 1031
542 1048
543 597
543 1074
544 806
544 841
544 1103
545 694
545 908
545 919
545 986
545 999
545 1108
546 681
546 754
546 874
547 670
547 894
547 897
547 902
547 1072
548 884
548 1046
549 668
549 765
549 931
550 827
550 910
550 915
550 1070
551 689
551 692
552 650
552 672
552 868
554 763
554 782
554 836
554 837
554 895
554 921
555 668
555 708
555 769
555 932
556 659
556 729
556 1026
557 670
557 704
557 970
557 992
558 631
558 640
558 796
558 914
558 1003
559 665
559 759
559 995
559 1120
560 701
561 1030
561 1079
562 684
562 762
562 1049
563 643
563 790
563 850
564 608
564 710
564 834
565 604
565 636
565 855
566 662
566 940
566 947
566 987
566 1036
567 618
567 731
567 830
567 967
567 977
567 1000
568 742
568 790
568 884
568 955
568 1086
568 1096
569 626
569 678
569 785
569 888
569 1051
569 1121
570 828
570 1106
571 646
571 651
571 755
571 894
571 958
571 969
572 638
572 839
572 851
572 997
572 1063
573 600
573 679
573 856
573 957
573 960
573 978
574 629
574 708
574 798
574 1051
574 1066
574 1094
575 658
575 778
575 950
575 997
576 643
576 739
576 994
576 1044
577 945
578 626
578 821
578 986
578 1103
579 707
579 982
579 1084
579 1094
580 616
580 777
580 816
580 881
580 925
580 1000
581 938
581 946
581 1109
582 949
582 1008
583 794
583 913
583 924
584 688
584 878
584 1021
585 827
585 1005
586 689
586 1039
586 1117
587 942
587 1036
587 1052
588 649
588 1098
589 809
589 1011
590 950
591 653
591 764
591 965
592 785
592 800
592 1098
592 1101
593 642
593 671
593 693
593 799
593 935
594 781
594 815
594 825
594 1034
595 679
595 841
595 1056
595 1105
