5 2674
6 2576
6 2857
6 3133
6 3217
7 3226
9 2616
9 3300
10 2444
10 2449
10 2650
10 3289
11 2798
12 3293
13 3010
13 3076
14 2854
15 3266
16 2897
16 3299
17 2783
17 2895
17 3018
18 2882
19 2988
20 3176
21 2776
22 3128
23 2739
23 3000
23 3273
24 2983
25 2627
25 2825
25 2913
26 2440
26 2519
27 2509
28 2678
28 2992
30 2679
30 2762
30 2993
31 2774
32 2932
32 3034
33 3072
34 2818
34 2901
34 3058
35 2457
35 2568
35 2686
35 2721
35 2724
35 2952
36 3176
37 3313
38 2863
40 2451
40 2545
40 2567
40 3069
42 2842
42 2871
45 2495
45 3322
46 2735
46 3209
46 3214
47 2685
47 2736
47 2986
47 3057
47 3314
48 2893
49 2991
52 2941
52 3029
54 3256
56 2662
56 3102
56 3175
57 2550
59 2878
59 3151
60 3262
61 3185
65 2877
66 2565
66 2632
66 3068
67 2940
68 3113
69 3295
70 2589
70 2602
70 2766
70 3097
70 3335
71 2491
72 3071
72 3149
72 3190
72 3344
73 2813
74 2529
75 2662
75 2733
76 2567
76 2677
76 2717
76 3152
76 3192
77 2732
79 3230
81 2858
81 3300
83 2678
83 2780
83 2992
84 2822
85 2668
85 3022
89 2708
89 3011
90 3234
92 2565
92 2632
92 3068
93 2912
94 2936
94 3168
94 3197
95 2510
95 2969
95 3039
95 3111
96 3342
98 2639
99 3144
99 3148
100 3129
101 2803
102 2838
103 2939
106 2462
106 2480
107 2733
107 3230
109 3188
110 3200
112 2467
112 3155
113 3299
114 3225
116 2972
117 3209
118 2845
120 2493
120 3108
122 2464
122 2622
122 2824
122 2911
122 3034
122 3241
123 2737
127 2943
128 2546
128 3292
129 2788
129 2968
130 2847
130 3139
132 3290
133 2948
134 2600
135 3162
139 2949
142 2846
143 3056
144 3054
146 2823
146 2977
147 2721
150 2571
150 2629
150 2763
152 2511
152 2587
152 2593
152 2683
152 2783
157 2523
157 2582
157 2694
157 3296
157 3304
159 2587
160 2715
162 2848
163 2908
163 2980
167 2662
168 2840
169 3059
170 2951
170 3047
170 3224
170 3261
172 2608
172 2779
172 3091
173 3288
174 3197
175 2604
177 2720
177 3037
178 2457
178 2831
178 2899
178 3272
179 2539
179 3099
180 2812
182 2500
182 2552
182 2646
182 2864
182 2943
182 2976
185 2828
185 2850
186 2824
187 2902
187 3037
190 2894
192 2598
192 2707
192 2728
192 2730
192 2804
192 2914
193 2501
193 2832
193 2869
194 3140
195 2703
200 2498
201 2708
202 2714
203 3218
204 3208
205 3006
205 3287
206 2492
206 2563
206 2970
206 2995
206 3221
207 2501
207 2945
207 3040
209 2877
212 2777
212 3054
212 3245
214 2853
216 2929
216 3244
217 2624
220 2478
221 2466
225 3182
226 2879
228 2984
229 2699
232 2589
232 2602
232 2766
232 3097
232 3335
234 3266
235 2448
235 3082
236 2630
237 2449
237 2528
237 2638
238 3217
239 2921
240 2733
241 2622
241 3269
241 3282
243 2471
243 2554
243 2745
243 2852
243 3156
243 3280
244 3128
246 2949
247 2438
248 2615
248 2849
248 2904
248 2944
248 3043
248 3327
249 2601
249 3326
252 3110
256 2595
256 2761
256 3016
258 2998
258 3043
259 3052
260 2744
262 2996
264 2861
265 3166
266 2482
267 3206
268 3281
269 2540
270 2802
271 3080
272 2985
274 3219
275 2619
275 2870
275 2973
276 2528
276 2754
276 2940
276 3318
277 3148
279 2986
286 2953
288 2760
288 3223
289 3173
290 2489
290 2513
290 2694
290 2889
290 2925
292 2482
292 2728
292 2820
292 3088
292 3275
292 3312
293 3231
294 2827
294 3170
294 3272
296 2602
296 2723
296 2905
296 2999
296 3093
296 3322
297 2496
297 2921
297 3101
300 3204
301 3033
303 3111
305 2657
306 2819
307 3015
309 2884
309 2974
312 2902
313 3163
314 3040
315 2559
315 2663
315 2759
317 3159
320 2739
324 3090
324 3131
327 2822
327 3061
329 3210
330 2528
330 3021
330 3251
337 2775
337 2812
337 2818
337 3039
337 3310
338 3006
338 3287
338 3315
341 3249
343 3138
344 3031
345 2848
346 2568
346 2686
346 2934
347 2599
349 2868
349 3202
351 3210
353 2564
354 2566
354 2661
354 2755
354 2923
354 2975
354 3025
355 2439
355 2756
357 2591
357 2771
359 2746
359 2807
360 2688
360 2716
361 2994
362 2690
362 3027
363 2606
363 2611
363 2741
363 3126
363 3166
363 3170
364 2770
366 3050
368 2752
370 2897
374 2974
376 3035
377 2465
379 3004
379 3153
379 3177
381 2788
381 2968
381 3125
383 2542
384 2511
384 2910
384 3246
386 3229
394 2780
395 2435
395 2841
395 3197
395 3275
396 2891
396 3101
396 3343
397 2996
399 3070
400 2547
400 2978
403 3165
403 3202
405 2532
406 3285
407 2667
408 3051
409 2685
409 2709
409 2771
409 2860
410 3041
412 2707
412 2825
414 2740
417 3229
417 3327
418 3281
420 2603
420 2609
421 2628
422 2718
424 2631
425 3284
426 2890
427 3067
431 2470
431 2492
431 2568
431 2881
431 3033
431 3155
435 2592
435 2621
436 2779
437 2717
437 3270
438 3152
438 3192
439 3211
441 2692
441 3311
442 2441
444 3065
446 2880
447 2593
448 3124
449 2924
452 2459
452 2582
452 2754
453 2938
454 3317
456 2514
456 2544
456 3246
457 2535
459 3015
460 2543
463 2516
466 2544
466 2801
467 2656
469 2490
470 3255
471 2718
472 2505
472 2581
472 3144
474 2452
474 2684
474 2774
474 2863
474 2954
475 2477
475 3199
476 2502
476 2887
476 2996
476 3052
476 3122
477 2456
477 3293
478 2744
478 2939
480 3172
480 3320
482 2437
483 2946
484 2450
484 3315
485 2650
486 3078
490 2703
492 2764
493 2614
494 3012
494 3053
494 3236
494 3328
495 3227
496 3301
498 2592
498 2621
499 2756
499 2875
501 2457
502 2555
503 2566
503 2661
503 2890
503 2923
503 3025
503 3253
506 2656
508 2726
511 2956
512 3091
512 3210
513 2769
514 2530
515 2530
515 2834
516 2680
516 3115
518 2813
518 3172
519 2998
519 3043
519 3129
522 2729
524 2868
525 2984
528 2605
528 2938
529 2594
529 2778
530 3103
531 2710
531 3179
531 3220
531 3264
534 2498
535 2799
536 2628
537 3044
537 3301
538 3045
540 2446
540 2507
540 3297
541 2753
542 3120
543 2463
544 2816
545 2749
547 2886
548 3169
550 2937
551 2471
551 2497
551 2649
551 2958
551 3035
551 3330
554 2504
554 2558
554 3018
554 3055
554 3071
555 2614
557 2967
559 3290
560 3134
562 2655
562 3094
563 2555
563 2860
563 3081
563 3091
564 2872
570 2970
571 2936
572 3083
572 3085
574 2664
574 2720
574 2990
574 2999
574 3093
574 3331
577 2730
577 2787
577 3041
577 3060
578 2502
578 2887
578 3122
579 2971
580 3123
581 2839
581 3024
581 3260
582 2440
582 3134
583 2850
583 2864
585 2575
586 2843
586 2888
586 2989
588 3139
589 3166
590 2674
590 3271
591 2512
591 3029
591 3051
592 2772
592 3201
592 3303
593 2904
593 3218
594 2533
596 2458
596 2475
597 2883
598 2862
598 2876
600 2517
600 3098
600 3140
600 3338
601 2893
602 2547
602 3180
603 3241
604 2919
604 2933
604 2962
604 3130
604 3342
605 2551
605 2589
605 2724
605 2911
605 2920
605 3081
606 2650
606 2686
607 3135
608 2474
609 2600
612 2768
612 2786
612 2931
612 3260
613 2697
613 3184
616 2952
619 2792
619 2866
619 2881
619 2995
620 2574
621 2658
624 2984
625 2950
626 2791
626 3082
627 2443
627 3102
628 2934
629 2610
629 3242
630 2450
631 3001
632 3119
632 3176
633 3005
635 2444
635 2611
635 3289
636 3261
637 2475
637 2789
637 2919
637 3232
637 3318
638 2548
643 2803
643 2808
647 2559
648 2468
648 2561
649 2597
649 2690
649 3213
650 2815
650 2903
650 3133
651 3017
651 3186
651 3191
651 3268
653 2782
653 3181
653 3329
655 2507
656 2513
656 2924
660 2639
660 3086
660 3340
661 2524
661 2526
661 3057
661 3089
661 3163
661 3264
662 2942
663 2702
663 2881
663 3193
663 3221
663 3240
663 3345
665 2896
665 3028
665 3270
665 3279
667 2740
667 3132
668 2719
668 3161
669 3124
669 3127
670 2619
670 2959
671 3086
673 2532
677 2898
677 3136
678 2576
679 2766
679 3158
680 3208
681 2895
685 2572
689 2811
691 2962
693 2680
693 3115
695 2486
695 2836
695 3332
695 3334
696 2447
696 2731
696 2886
696 3271
698 2660
700 2893
701 3121
703 2981
704 3153
707 2834
708 3319
709 2521
709 2915
709 3030
709 3296
710 2705
710 2945
712 2563
712 2712
713 2520
714 3306
715 2466
716 2569
716 2801
717 3171
719 2509
720 2518
720 3183
720 3239
722 2641
723 2527
723 2623
724 3164
724 3199
725 2742
725 2810
727 2575
728 3002
729 2691
730 3095
732 3258
732 3336
733 2982
733 3308
734 2651
734 3088
734 3215
735 2678
735 2764
735 3333
736 2689
737 3083
738 2628
740 2583
740 2680
740 3315
741 2765
743 2677
744 2971
746 3009
747 2932
747 3295
748 3259
749 2737
749 2988
750 3207
751 2657
751 2861
751 3077
753 2600
755 2912
758 3306
760 2849
761 2609
762 2830
762 3049
763 3256
767 2828
768 2757
769 2590
770 3304
772 2735
772 2987
776 3286
777 3339
778 2635
779 3234
780 2437
782 3032
784 2553
785 2848
786 2846
787 3130
788 2612
788 3046
789 2900
789 3125
791 2443
791 3324
792 3018
794 2729
795 3072
797 2660
799 3248
800 2923
800 2975
800 3203
801 2493
804 2613
805 2541
806 3277
807 3310
808 2470
808 2606
808 2870
808 2920
808 3240
809 2473
810 2523
811 2965
812 2658
813 2851
813 3031
814 2456
815 3027
816 3288
817 3005
820 2452
820 2474
820 2706
820 3248
820 3283
822 2870
822 3214
823 3116
824 2542
825 2579
828 2491
829 3113
830 2746
830 2807
831 2618
831 3038
832 2901
833 3206
835 2551
835 2654
835 3114
836 2606
836 3017
836 3064
836 3151
837 2661
837 2940
837 2960
837 3253
838 3129
846 2884
846 3130
848 2716
848 2789
849 2874
851 2468
852 2489
852 2580
852 2778
852 2845
852 2903
852 3015
853 3032
854 2651
856 3099
857 3179
859 2645
859 2696
859 2751
859 2781
859 3198
860 3120
861 2623
864 2515
865 2604
867 3287
869 2477
870 3193
871 2720
874 3167
875 3009
880 2544
880 2546
880 2775
881 2875
882 3027
884 2764
885 2811
888 2643
891 2787
891 3254
892 2941
893 3250
895 2709
896 2752
898 2483
899 2491
899 3314
900 2726
900 2792
900 3094
902 2980
903 2460
904 3052
904 3122
905 2773
905 2867
905 3063
906 2442
907 2572
907 3046
907 3305
908 2580
908 2751
913 2935
915 2531
915 2730
915 2916
915 3156
916 2470
916 2576
916 2817
916 3193
916 3221
918 3255
919 3302
920 2748
920 2859
920 3134
921 3016
922 2659
922 2754
922 2925
924 2647
924 2660
924 2842
924 3150
926 2458
926 2829
926 3314
927 2625
932 2791
932 2798
934 2435
934 2573
934 2618
934 2627
934 3041
934 3178
935 3289
936 3104
937 2681
937 2961
938 3144
939 3158
941 3000
941 3273
942 2439
942 2833
942 2874
943 2953
943 3100
943 3286
944 2461
944 2472
944 3150
944 3255
946 3085
946 3257
947 2734
947 3173
949 2456
951 2992
952 2826
952 3325
953 3136
954 2823
954 2865
954 2977
955 3296
956 2508
956 2871
958 2448
958 2722
961 2755
961 2966
962 2590
963 2914
964 2926
965 3337
966 2514
968 2840
969 3168
972 2494
972 2830
972 2948
972 3049
974 2964
977 2892
978 2506
978 2512
978 3245
980 2767
980 2795
981 2991
981 3046
981 3305
983 2794
988 2972
989 2770
990 2673
991 2666
991 3262
992 2930
992 3298
994 2963
996 2832
996 2869
999 2712
1001 2659
1008 2613
1010 3007
1011 3137
1012 3026
1012 3048
1013 3252
1014 2948
1014 2981
1014 3306
1015 3002
1018 2959
1018 3104
1018 3343
1021 2619
1021 2829
1021 2835
1021 3185
1022 2552
1023 3146
1024 2669
1025 3072
1027 2629
1028 3292
1030 2844
1032 2938
1034 2671
1034 2758
1035 2585
1035 3045
1035 3145
1035 3212
1037 2759
1039 3160
1040 2757
1042 3195
1043 2586
1043 3118
1044 3247
1046 2844
1047 2769
1049 2700
1050 2452
1050 2697
1050 2727
1053 3118
1054 2901
1055 2765
1056 2479
1056 2531
1056 2800
1057 2955
1059 3242
1061 3302
1062 3107
1062 3238
1063 2601
1065 2439
1065 2756
1065 2875
1066 3069
1067 2958
1067 3330
1068 2488
1068 2779
1068 2784
1068 2957
1068 3075
1069 3222
1070 3006
1071 2455
1071 2889
1071 2906
1071 2933
1071 3187
1074 2808
1074 2867
1074 3014
1074 3297
1075 2834
1075 3333
1076 3151
1077 3191
1078 3070
1079 2656
1080 2827
1080 3170
1081 2666
1082 2671
1082 2794
1082 2823
1082 2859
1082 2997
1082 3178
1083 2918
1085 2487
1085 2814
1085 3010
1087 2539
1089 2896
1090 2584
1090 2688
1090 2879
1091 2490
1094 2788
1094 2968
1095 2617
1095 2903
1095 3096
1095 3098
1095 3338
1097 2918
1098 2453
1101 2846
1102 2564
1102 2796
1102 3212
1104 2664
1104 2794
1104 2999
1104 3014
1104 3147
1104 3331
1105 3249
1106 2762
1106 2993
1111 2675
1111 3060
1112 3265
1116 2598
1116 2707
1116 3324
1117 2892
1119 2939
1120 2555
1120 2635
1120 2854
1120 2905
1121 2612
1122 2641
1122 3087
1123 3219
1125 3257
1126 2676
1127 2942
1127 3175
1128 2545
1131 2459
1131 2797
1131 3073
1133 2862
1133 3311
1134 2613
1135 2596
1136 2625
1136 3108
1137 3285
1138 2917
1138 3179
1139 2541
1140 2537
1141 3233
1144 2663
1144 2726
1144 2759
1144 2944
1144 3066
1146 3061
1147 3079
1149 2812
1150 2479
1154 2702
1154 2877
1155 2642
1158 2963
1160 2919
1162 2710
1164 2725
1164 2979
1165 3205
1166 2900
1166 3125
1168 2644
1168 2670
1168 2782
1170 2857
1171 2813
1176 3254
1178 2725
1178 2772
1179 2695
1179 2782
1179 3235
1180 2865
1181 2643
1181 2979
1181 3321
1183 2524
1183 2954
1184 2821
1184 2826
1184 2908
1184 3024
1189 2548
1189 2773
1191 3065
1192 2559
1193 2556
1194 2913
1196 2715
1196 2853
1196 3084
1198 2536
1198 2910
1198 3044
1199 3215
1200 2451
1200 2567
1200 2677
1201 2543
1203 2479
1203 3023
1204 3120
1205 2704
1206 2676
1208 2574
1208 2671
1208 3022
1208 3201
1208 3265
1208 3326
1209 2501
1210 2624
1211 2668
1211 2836
1213 2748
1213 3247
1214 2817
1216 2811
1218 2461
1219 2499
1219 2743
1219 3026
1219 3075
1219 3207
1220 2749
1221 2681
1222 2931
1223 2522
1225 3058
1225 3336
1225 3342
1227 2646
1228 2445
1228 2607
1228 2990
1228 3169
1228 3216
1228 3316
1229 2835
1229 2936
1229 3088
1229 3326
1230 2924
1231 2645
1231 2781
1232 2755
1232 2790
1236 2673
1237 2648
1238 2801
1238 3107
1238 3238
1239 3110
1243 3055
1246 2876
1248 2822
1250 3137
1253 3076
1254 3292
1257 2878
1257 3222
1258 2749
1260 3019
1260 3270
1261 2684
1261 2896
1262 3232
1263 2651
1266 2499
1267 2493
1267 2517
1267 2966
1267 3098
1269 3244
1270 2579
1270 2988
1270 3009
1271 2696
1271 2951
1271 3047
1271 3198
1273 2704
1273 3108
1274 2570
1274 2898
1274 3013
1275 2570
1275 3079
1276 2503
1278 2994
1278 3241
1281 2612
1282 2578
1282 3038
1282 3344
1283 2527
1283 2623
1285 2797
1286 2515
1288 3092
1290 2741
1292 2536
1293 3276
1294 3233
1297 2850
1297 3173
1299 2675
1300 2682
1301 2574
1301 3104
1301 3180
1302 3285
1303 3008
1304 2525
1304 2743
1305 2473
1305 2687
1305 2997
1305 3243
1306 2725
1306 2979
1307 2974
1308 2461
1309 2978
1310 2955
1311 2978
1312 3118
1315 2531
1316 3036
1316 3058
1317 3012
1318 3277
1319 2476
1321 2816
1321 2955
1321 3128
1323 3196
1328 2937
1328 3309
1328 3328
1329 2584
1330 3211
1331 2885
1331 3105
1331 3309
1332 2645
1333 3042
1336 2809
1339 2991
1339 3231
1342 3263
1343 2577
1343 2702
1343 2985
1343 2995
1343 3267
1343 3316
1344 2505
1345 2796
1346 2630
1347 2769
1348 2538
1349 3087
1349 3206
1349 3258
1350 2701
1350 2747
1351 2791
1352 2674
1354 3109
1356 2446
1357 2922
1358 3064
1362 2737
1364 2436
1364 2663
1365 2925
1366 2558
1367 2652
1367 2667
1367 3095
1368 3084
1369 2653
1369 2828
1370 2577
1370 2586
1370 2587
1370 3309
1370 3337
1372 2451
1376 2831
1377 2595
1379 2598
1381 2815
1386 2692
1386 3115
1388 3005
1390 3090
1391 2616
1396 3196
1396 3252
1400 3252
1401 2634
1401 2970
1402 2583
1403 3184
1403 3312
1404 2987
1405 2441
1407 2532
1408 3054
1409 2832
1409 2869
1414 2851
1415 2525
1415 2768
1415 2931
1415 3030
1415 3064
1415 3260
1416 2565
1416 2632
1416 3068
1417 3189
1418 2824
1418 2911
1418 3201
1424 2710
1425 2961
1426 2683
1426 2783
1426 2815
1428 2641
1429 3172
1429 3320
1431 2540
1432 2604
1434 3161
1434 3280
1435 2486
1435 3332
1436 2705
1437 3154
1438 2935
1439 2947
1442 2639
1443 3139
1446 3003
1447 2961
1448 2706
1448 2753
1448 3194
1449 2435
1449 2573
1449 2618
1452 2679
1452 3008
1453 2513
1453 2657
1453 2827
1454 2914
1455 3004
1460 2564
1460 2796
1460 3159
1460 3223
1461 2636
1461 2932
1462 2486
1462 2836
1462 3334
1464 2549
1464 2577
1464 2965
1464 2985
1464 3267
1464 3337
1465 2552
1466 2682
1468 2814
1470 2633
1471 3142
1472 2622
1472 3269
1472 3282
1473 2626
1475 3300
1476 2570
1476 2652
1476 2838
1477 2546
1478 2776
1479 3186
1479 3268
1481 3127
1483 2615
1484 2631
1485 2471
1485 3112
1485 3171
1486 2714
1486 2776
1487 2464
1487 2653
1487 2818
1487 2835
1487 2876
1489 2595
1491 3056
1493 2530
1493 2608
1493 3163
1493 3264
1493 3279
1494 3124
1494 3127
1496 2446
1497 2485
1497 2615
1497 2640
1497 2672
1497 2713
1500 2905
1501 3208
1502 2436
1502 2497
1502 3291
1504 2856
1505 2761
1506 2658
1506 3036
1508 2960
1508 3274
1509 2929
1509 3062
1509 3305
1510 2517
1511 2445
1513 2930
1514 2767
1516 2454
1516 2917
1516 3007
1516 3100
1518 3188
1520 2946
1520 3205
1520 3294
1521 2630
1522 3023
1522 3184
1523 2462
1524 3267
1525 2437
1525 2922
1527 2603
1527 2990
1527 3083
1528 2506
1528 2512
1528 3245
1529 2438
1530 2732
1531 2966
1532 2698
1533 2882
1534 2620
1534 3053
1534 3223
1534 3328
1535 3188
1536 2536
1537 2588
1538 2548
1538 2717
1538 3340
1540 3031
1541 2522
1542 2887
1546 2634
1548 2676
1548 2746
1548 2806
1548 3050
1548 3105
1548 3228
1549 2750
1551 2805
1552 2537
1552 2922
1553 2525
1553 3132
1553 3284
1554 3214
1557 2711
1557 2800
1557 2927
1559 2787
1562 2735
1564 2483
1565 3157
1567 2672
1567 3066
1569 3308
1571 3273
1572 2580
1572 2921
1573 2583
1575 3133
1576 2498
1576 2804
1576 3102
1576 3299
1578 2500
1578 2526
1581 2723
1582 2947
1585 2810
1590 2793
1590 3029
1591 3185
1592 2712
1594 3158
1595 3123
1596 3159
1597 2636
1600 2556
1600 2728
1601 2795
1601 3000
1602 2960
1602 3274
1603 2655
1603 3094
1603 3175
1604 2534
1605 2689
1606 3065
1606 3078
1607 2620
1608 3254
1609 2669
1612 2839
1613 2637
1613 2734
1614 2597
1614 3148
1614 3213
1616 3195
1617 2442
1621 3066
1622 2563
1622 2738
1622 3239
1624 2502
1624 2627
1624 2825
1624 2913
1625 2856
1627 2843
1627 3026
1627 3302
1628 2698
1628 3116
1630 2918
1631 2964
1632 2762
1632 2993
1632 3165
1632 3202
1633 2852
1633 2860
1633 3116
1633 3161
1633 3280
1634 2895
1636 3155
1639 2603
1639 2693
1640 2900
1641 3123
1642 2535
1642 2607
1642 2784
1642 2957
1642 3075
1643 2937
1644 2553
1644 3311
1644 3313
1646 2690
1647 2541
1648 2466
1648 3135
1649 2830
1649 3049
1651 2599
1652 2780
1655 2695
1655 2916
1655 3156
1657 3011
1661 2592
1661 3020
1661 3143
1662 2495
1663 2496
1663 3132
1663 3284
1665 3189
1666 3059
1668 3008
1669 2715
1669 2853
1672 3301
1673 3165
1675 3226
1676 3013
1676 3087
1676 3258
1676 3318
1676 3336
1679 2506
1679 2777
1679 3103
1679 3141
1679 3235
1680 3307
1683 3086
1685 3140
1686 3048
1686 3317
1687 2463
1687 2994
1688 2629
1689 2947
1690 2858
1693 2519
1693 2586
1693 3077
1693 3169
1693 3216
1693 3316
1694 3137
1695 3126
1696 2795
1696 3012
1696 3190
1696 3297
1698 2496
1698 2760
1698 2891
1699 3003
1701 2742
1702 2987
1703 2527
1705 2454
1706 3207
1707 2566
1707 2890
1707 2907
1707 3025
1707 3253
1708 2809
1708 2929
1708 3022
1708 3074
1708 3181
1710 2810
1712 2562
1713 2760
1715 2507
1715 2554
1716 2654
1717 2898
1719 3113
1720 2588
1720 2616
1720 2665
1720 3220
1720 3279
1720 3333
1723 2943
1723 3039
1724 2928
1725 3234
1726 2642
1727 3028
1728 2572
1728 2981
1729 2481
1730 2596
1730 2668
1732 2518
1732 3183
1732 3239
1734 3256
1735 2549
1735 2571
1735 2610
1735 2840
1735 2956
1737 2453
1737 2675
1737 3060
1738 2837
1738 3135
1739 2693
1739 2750
1741 3067
1743 2798
1746 3177
1747 2743
1747 2847
1748 3262
1749 2902
1750 3107
1750 3238
1753 2505
1753 3036
1754 3182
1756 3042
1758 3341
1759 2806
1760 2821
1761 2478
1761 2814
1762 3019
1768 3016
1770 2436
1773 2467
1774 2620
1774 3053
1774 3236
1777 2757
1778 3323
1779 3317
1780 2844
1780 3080
1781 2484
1782 3259
1783 3293
1784 2503
1784 3200
1785 3229
1788 2469
1788 3106
1791 2962
1792 2741
1793 2518
1793 2633
1793 3183
1794 3236
1795 3109
1797 2476
1797 2539
1797 3278
1799 3119
1802 3211
1804 2664
1804 2771
1804 3105
1804 3228
1805 2584
1805 2879
1807 3312
1808 2635
1808 2854
1808 3014
1809 2864
1813 2709
1813 3050
1813 3339
1815 3278
1820 2866
1823 2511
1823 3332
1824 3024
1824 3319
1827 3150
1828 2588
1831 3338
1832 2739
1834 3142
1835 2689
1837 2487
1837 2703
1837 2721
1837 3081
1837 3109
1837 3240
1838 2529
1838 3235
1839 3227
1840 3250
1841 2748
1843 2700
1843 2859
1843 2865
1843 3281
1844 3250
1845 2963
1846 2522
1847 2758
1848 2534
1849 3274
1850 2744
1850 2804
1850 3023
1850 3249
1850 3275
1851 2504
1852 2478
1853 2472
1853 2538
1853 2808
1854 2802
1856 2891
1856 3343
1857 2694
1857 2917
1857 3007
1859 2460
1859 2500
1859 2736
1859 2852
1859 2857
1859 3215
1860 2688
1860 3276
1861 2819
1862 2638
1863 3063
1864 3089
1865 3073
1866 3067
1868 2562
1868 2909
1869 2935
1871 3092
1873 3100
1874 3218
1877 2447
1877 2731
1877 2880
1878 3149
1881 2483
1882 3096
1883 3325
1886 3080
1887 2873
1887 3117
1890 2578
1890 3344
1891 3205
1892 2972
1893 3152
1893 3192
1894 2473
1894 2687
1894 2997
1894 3243
1895 2714
1896 2510
1896 2969
1896 3263
1898 3242
1898 3243
1899 2803
1899 3251
1900 2793
1901 2792
1901 2821
1902 2481
1905 2734
1907 2912
1910 3157
1912 3034
1912 3303
1914 2819
1914 3020
1917 2790
1918 2643
1919 2450
1920 2499
1920 2767
1920 3084
1920 3190
1922 2685
1922 2807
1923 2841
1925 2453
1925 3313
1926 3286
1927 2460
1928 2785
1930 2727
1930 2753
1930 2770
1930 2950
1932 3047
1932 3224
1933 2463
1934 2732
1935 3040
1937 2448
1938 2605
1938 3288
1939 2538
1939 2723
1940 2438
1942 3044
1942 3203
1943 2516
1944 2926
1946 2634
1947 3079
1948 2855
1948 2977
1952 2545
1953 2692
1954 3232
1956 2482
1956 2697
1957 3321
1958 2476
1958 2562
1958 2691
1963 2550
1965 2928
1966 2862
1966 3114
1967 3004
1969 2868
1969 3329
1970 3345
1971 2700
1971 3146
1972 3033
1974 2765
1976 2785
1978 2488
1978 2647
1978 3147
1978 3322
1981 2652
1981 2667
1981 3095
1981 3178
1982 2708
1983 2510
1983 3111
1983 3142
1983 3189
1983 3244
1984 2897
1985 2738
1985 3070
1987 3282
1988 2711
1988 2800
1988 2927
1990 2516
1990 2833
1990 2874
1992 2624
1993 2691
1994 2468
1994 2489
1994 2521
1994 2915
1994 3021
1994 3164
1996 2742
1997 2713
1998 3011
1998 3196
2000 2790
2000 2930
2000 3225
2004 2772
2004 2959
2004 3334
2005 3013
2005 3119
2006 3101
2007 2621
2007 3194
2010 2701
2012 2777
2012 2873
2012 3117
2017 2472
2018 2469
2018 3106
2022 2817
2024 3259
2025 2569
2025 3307
2026 2785
2029 2958
2029 2989
2029 3162
2029 3330
2030 2904
2030 3266
2032 2591
2034 2719
2034 2806
2034 3228
2035 3237
2036 2740
2037 2626
2038 2594
2042 2561
2043 2654
2043 3114
2044 2644
2044 2670
2044 2826
2045 2526
2045 2590
2045 2736
2045 2986
2045 3057
2047 2882
2048 3164
2050 2553
2050 2867
2050 3073
2052 2729
2053 2649
2053 3112
2053 3319
2054 2441
2055 2447
2055 2880
2056 2838
2057 2550
2058 3093
2059 3160
2060 2761
2060 2856
2061 2843
2062 3136
2063 2669
2065 2455
2065 2520
2065 2637
2065 2906
2065 2933
2065 3187
2067 2873
2067 3117
2069 2581
2069 3160
2071 2465
2072 2605
2073 3061
2074 2646
2076 2585
2077 2722
2079 3177
2079 3263
2080 2503
2082 3329
2084 2614
2084 2655
2085 2644
2085 2670
2087 2653
2087 3298
2088 2659
2088 2976
2089 2533
2091 2469
2091 3106
2092 3143
2096 2523
2096 2648
2096 2805
2096 2915
2097 2591
2097 2722
2098 2597
2098 3200
2098 3213
2099 2731
2099 2886
2100 2649
2101 3092
2104 2894
2105 2485
2105 2492
2105 2551
2105 2724
2105 2920
2105 2965
2107 2543
2107 2941
2107 3186
2107 3191
2107 3268
2108 2910
2108 2969
2115 2672
2117 2837
2117 3222
2118 3121
2121 3037
2122 2745
2122 3340
2123 2445
2123 2593
2123 2611
2123 2683
2123 3017
2124 2596
2124 2681
2125 2540
2125 2909
2125 3174
2126 2579
2130 2474
2132 2829
2135 2750
2136 2494
2136 2514
2136 2927
2137 2490
2137 3323
2138 3278
2139 2477
2140 2861
2141 2547
2141 2802
2141 3180
2142 2847
2142 3341
2143 2465
2145 3099
2146 2534
2146 3265
2147 2599
2147 2768
2152 2569
2152 2833
2152 3307
2153 2537
2156 2578
2156 3141
2156 3237
2156 3324
2159 2820
2159 2967
2159 2973
2159 3062
2159 3074
2159 3181
2161 3247
2162 2842
2162 2871
2163 2449
2163 2638
2163 3154
2164 2508
2164 2953
2164 3291
2167 2464
2167 2594
2167 2778
2167 2973
2167 3303
2167 3321
2168 2508
2169 2837
2169 3290
2170 2831
2171 2524
2171 2665
2171 3220
2172 2851
2173 3055
2174 3226
2175 2706
2175 3019
2176 2561
2178 3167
2181 2682
2181 3341
2186 2558
2186 2888
2187 3310
2188 2679
2190 2944
2192 2998
2192 3295
2194 2467
2194 3112
2194 3171
2195 2774
2196 2529
2197 2751
2197 2899
2197 2907
2197 3269
2197 3272
2198 2575
2199 2515
2199 2557
2200 3021
2200 3251
2201 2964
2201 3298
2202 3216
2203 2549
2203 2571
2203 3231
2206 3182
2207 2845
2208 2442
2208 2640
2208 2949
2210 2957
2210 3097
2211 3051
2214 3056
2214 3126
2214 3138
2215 2894
2217 2475
2217 3074
2218 2631
2220 2633
2220 2781
2220 3199
2223 2520
2223 2637
2223 2889
2223 2906
2223 3187
2224 2696
2224 2951
2224 3224
2224 3261
2227 2942
2227 3149
2228 2556
2228 2582
2228 2608
2228 2946
2228 3294
2228 3304
2229 3069
2230 2642
2230 3001
2230 3168
2231 2488
2235 2883
2236 3198
2237 2799
2238 2883
2239 2763
2240 2908
2240 2980
2243 2926
2245 3089
2247 2610
2247 2745
2247 2763
2247 3157
2247 3217
2250 3003
2251 2684
2251 2950
2254 2718
2256 2693
2256 2747
2257 2799
2258 2480
2260 2878
2265 3045
2265 3145
2267 2560
2268 2971
2271 2495
2271 2699
2271 2866
2271 3082
2271 3320
2271 3345
2272 2533
2272 2899
2272 2907
2272 2975
2272 3203
2272 3225
2273 2673
2274 3121
2278 2573
2278 2983
2278 3195
2279 3110
2280 3002
2281 3230
2282 2557
2283 3096
2284 3090
2285 2585
2285 3145
2285 3212
2286 2719
2288 2775
2289 2444
2291 3219
2292 2494
2292 2711
2294 2885
2294 3277
2295 2954
2295 3283
2296 2560
2297 2497
2297 2640
2297 2713
2297 3291
2298 3103
2300 2888
2301 2695
2302 2557
2302 2704
2304 3032
2305 2976
2307 3204
2308 3153
2310 2698
2311 2581
2312 2789
2314 2701
2314 2747
2314 3335
2316 2705
2316 2945
2317 2928
2319 3209
2320 3131
2321 2440
2321 2481
2322 2699
2322 2841
2322 2952
2322 3257
2323 3294
2325 3154
2326 2716
2327 3059
2328 2687
2329 2504
2329 2609
2329 2989
2329 3071
2330 2738
2330 3233
2331 2554
2333 3147
2334 3042
2335 2484
2336 2480
2336 3038
2337 2884
2338 2849
2340 2455
2340 2617
2341 2521
2341 2648
2341 2805
2341 3030
2342 2797
2345 3327
2346 3138
2347 3331
2350 2485
2351 2727
2351 2863
2351 3194
2351 3283
2351 3339
2352 2484
2353 2983
2354 2909
2354 3174
2355 2459
2355 2625
2358 2487
2359 2542
2360 2786
2360 2916
2361 2626
2365 3048
2367 3010
2367 3076
2370 2636
2370 3131
2373 3143
2374 2665
2376 3271
2381 2519
2381 2617
2381 3077
2382 2816
2383 3020
2384 2458
2385 3167
2386 2956
2388 2601
2388 2758
2388 2809
2389 3276
2390 3246
2391 3035
2392 2872
2393 3141
2394 2752
2395 2892
2395 3323
2396 2666
2398 2773
2398 3063
2398 3085
2399 2855
2399 3204
2400 3146
2401 2872
2402 2509
2403 2820
2403 3174
2405 3001
2407 3028
2407 3325
2409 2982
2410 2885
2411 2454
2412 2647
2414 2607
2416 3162
2417 2858
2418 2855
2421 2786
2421 2793
2422 2982
2422 3308
2423 2967
2423 3062
2424 2462
2425 2443
2426 2839
2427 2560
2429 3237
2430 2934
2431 3248
2432 3078
2433 3227
2434 2535
2434 2784
